<?xml version="1.0" encoding="UTF-8" ?>

<testsuite failures="0" time="0.631" errors="0" skipped="0" tests="6" name="UserTest">
  <testcase classname="UserTest" name="testCreateUser" time="0.015">
      </testcase>
  <testcase classname="UserTest" name="testCreateMultipleUsers" time="0.521">
      </testcase>
  <testcase classname="UserTest" name="testNoUsers" time="0.014">
      </testcase>
  <testcase classname="UserTest" name="testFindUser" time="0.051">
      </testcase>
  <testcase classname="UserTest" name="deleteUsers" time="0.01">
      </testcase>
  <testcase classname="UserTest" name="updateUser" time="0.02">
      </testcase>
</testsuite>
